<?xml version="1.0" encoding="UTF-8"?>
<testsuite xmlns:xsi="http://www.w3.org/2001/XMLSchema-instance" xsi:noNamespaceSchemaLocation="https://maven.apache.org/surefire/maven-surefire-plugin/xsd/surefire-test-report-3.0.xsd" version="3.0" name="planit.Run" time="108.844" tests="7" errors="0" skipped="0" failures="0">
  <properties>
[...]
</properties>
  <testcase name="Contact Page Error Messages #1" classname="Planit- Technical Assessment" time="18.395">
    <system-out><![CDATA[
@TestTechnicalAssessment
Scenario: Contact Page Error Messages                               &amp#27;[90m# src/test/java/planit/features/TechnicalAssessment.feature:5&amp#27;[0m
  &amp#27;[32mGiven &amp#27;[0m&amp#27;[32mI navigate to &amp#27;[0m&amp#27;[32m&amp#27;[1m"Jupiter Toys"&amp#27;[0m&amp#27;[32m home page&amp#27;[0m                      &amp#27;[90m# planit.steps.CommonSteps.navigateToAppHomePage(java.lang.String)&amp#27;[0m
  &amp#27;[32mAnd &amp#27;[0m&amp#27;[32mI go to &amp#27;[0m&amp#27;[32m&amp#27;[1m"contact"&amp#27;[0m&amp#27;[32m page&amp#27;[0m                                        &amp#27;[90m# planit.steps.CommonSteps.goToPage(java.lang.String)&amp#27;[0m
  &amp#27;[32mAnd &amp#27;[0m&amp#27;[32mI click &amp#27;[0m&amp#27;[32m&amp#27;[1m"submit"&amp#27;[0m&amp#27;[32m on &amp#27;[0m&amp#27;[32m&amp#27;[1m"Contact"&amp#27;[0m&amp#27;[32m page&amp#27;[0m                            &amp#27;[90m# planit.steps.CommonSteps.clickElement(java.lang.String,java.lang.String)&amp#27;[0m
  &amp#27;[32mThen &amp#27;[0m&amp#27;[32mverify that the following is displayed on &amp#27;[0m&amp#27;[32m&amp#27;[1m"Contact"&amp#27;[0m&amp#27;[32m page&amp#27;[0m     &amp#27;[90m# planit.steps.CommonSteps.verifyDisplayed(java.lang.String,java.util.List<java.lang.String>)&amp#27;[0m
    | Forename error message |
    | Email error message    |
    | Message error message  |
  &amp#27;[32mAnd &amp#27;[0m&amp#27;[32mI populate the following fields on &amp#27;[0m&amp#27;[32m&amp#27;[1m"Contact"&amp#27;[0m&amp#27;[32m page&amp#27;[0m             &amp#27;[90m# planit.steps.CommonSteps.populateFields(java.lang.String,io.cucumber.datatable.DataTable)&amp#27;[0m
    | Forename | Email               | Message      |
    | John     | john.test@email.com | Test message |
  &amp#27;[32mThen &amp#27;[0m&amp#27;[32mverify that the following is not displayed on &amp#27;[0m&amp#27;[32m&amp#27;[1m"Contact"&amp#27;[0m&amp#27;[32m page&amp#27;[0m &amp#27;[90m# planit.steps.CommonSteps.verifyNotDisplayed(java.lang.String,java.util.List<java.lang.String>)&amp#27;[0m
    | Forename error message |
    | Email error message    |
    | Message error message  |
]]></system-out>
    <system-err><![CDATA[SLF4J: Failed to load class "org.slf4j.impl.StaticLoggerBinder".
SLF4J: Defaulting to no-operation (NOP) logger implementation
SLF4J: See http://www.slf4j.org/codes.html#StaticLoggerBinder for further details.
Starting ChromeDriver 106.0.5249.61 (511755355844955cd3e264779baf0dd38212a4d0-refs/branch-heads/5249@{#569}) on port 49339
Only local connections are allowed.
Please see https://chromedriver.chromium.org/security-considerations for suggestions on keeping ChromeDriver safe.
ChromeDriver was started successfully.
[1668009186.703][WARNING]: This version of ChromeDriver has not been tested with Chrome version 107.
Nov 09, 2022 11:53:07 PM org.openqa.selenium.remote.ProtocolHandshake createSession
INFO: Detected upstream dialect: W3C
Nov 09, 2022 11:53:07 PM org.openqa.selenium.devtools.CdpVersionFinder findNearestMatch
WARNING: Unable to find an exact match for CDP version 107, so returning the closest version found: 103
Nov 09, 2022 11:53:07 PM org.openqa.selenium.devtools.CdpVersionFinder findNearestMatch
INFO: Found CDP implementation for version 107 of 103
]]></system-err>
  </testcase>
  <testcase name="Submit contact details successfully #1" classname="Planit- Technical Assessment" time="20.918">
    <system-out><![CDATA[
@TestTechnicalAssessment
Scenario Outline: Submit contact details successfully   &amp#27;[90m# src/test/java/planit/features/TechnicalAssessment.feature:33&amp#27;[0m
  &amp#27;[32mGiven &amp#27;[0m&amp#27;[32mI navigate to &amp#27;[0m&amp#27;[32m&amp#27;[1m"Jupiter Toys"&amp#27;[0m&amp#27;[32m home page&amp#27;[0m          &amp#27;[90m# planit.steps.CommonSteps.navigateToAppHomePage(java.lang.String)&amp#27;[0m
  &amp#27;[32mAnd &amp#27;[0m&amp#27;[32mI go to &amp#27;[0m&amp#27;[32m&amp#27;[1m"contact"&amp#27;[0m&amp#27;[32m page&amp#27;[0m                            &amp#27;[90m# planit.steps.CommonSteps.goToPage(java.lang.String)&amp#27;[0m
  &amp#27;[32mAnd &amp#27;[0m&amp#27;[32mI populate the following fields on &amp#27;[0m&amp#27;[32m&amp#27;[1m"Contact"&amp#27;[0m&amp#27;[32m page&amp#27;[0m &amp#27;[90m# planit.steps.CommonSteps.populateFields(java.lang.String,io.cucumber.datatable.DataTable)&amp#27;[0m
    | Forename | Email              | Message         |
    | John     | johntest@email.com | Toys are great! |
  &amp#27;[32mAnd &amp#27;[0m&amp#27;[32mI click &amp#27;[0m&amp#27;[32m&amp#27;[1m"submit"&amp#27;[0m&amp#27;[32m on &amp#27;[0m&amp#27;[32m&amp#27;[1m"Contact"&amp#27;[0m&amp#27;[32m page&amp#27;[0m                &amp#27;[90m# planit.steps.CommonSteps.clickElement(java.lang.String,java.lang.String)&amp#27;[0m
loading progress is completed.
  &amp#27;[32mThen &amp#27;[0m&amp#27;[32mvalidate successful submission message&amp#27;[0m           &amp#27;[90m# planit.steps.ContactSteps.validateSuccessfulSubmissionMessage()&amp#27;[0m
]]></system-out>
    <system-err><![CDATA[Starting ChromeDriver 106.0.5249.61 (511755355844955cd3e264779baf0dd38212a4d0-refs/branch-heads/5249@{#569}) on port 57307
Only local connections are allowed.
Please see https://chromedriver.chromium.org/security-considerations for suggestions on keeping ChromeDriver safe.
ChromeDriver was started successfully.
[1668009203.415][WARNING]: This version of ChromeDriver has not been tested with Chrome version 107.
Nov 09, 2022 11:53:23 PM org.openqa.selenium.remote.ProtocolHandshake createSession
INFO: Detected upstream dialect: W3C
Nov 09, 2022 11:53:23 PM org.openqa.selenium.devtools.CdpVersionFinder findNearestMatch
WARNING: Unable to find an exact match for CDP version 107, so returning the closest version found: 103
Nov 09, 2022 11:53:23 PM org.openqa.selenium.devtools.CdpVersionFinder findNearestMatch
INFO: Found CDP implementation for version 107 of 103
]]></system-err>
  </testcase>
  <testcase name="Submit contact details successfully #2" classname="Planit- Technical Assessment" time="12.642">
    <system-out><![CDATA[
@TestTechnicalAssessment
Scenario Outline: Submit contact details successfully   &amp#27;[90m# src/test/java/planit/features/TechnicalAssessment.feature:34&amp#27;[0m
  &amp#27;[32mGiven &amp#27;[0m&amp#27;[32mI navigate to &amp#27;[0m&amp#27;[32m&amp#27;[1m"Jupiter Toys"&amp#27;[0m&amp#27;[32m home page&amp#27;[0m          &amp#27;[90m# planit.steps.CommonSteps.navigateToAppHomePage(java.lang.String)&amp#27;[0m
  &amp#27;[32mAnd &amp#27;[0m&amp#27;[32mI go to &amp#27;[0m&amp#27;[32m&amp#27;[1m"contact"&amp#27;[0m&amp#27;[32m page&amp#27;[0m                            &amp#27;[90m# planit.steps.CommonSteps.goToPage(java.lang.String)&amp#27;[0m
  &amp#27;[32mAnd &amp#27;[0m&amp#27;[32mI populate the following fields on &amp#27;[0m&amp#27;[32m&amp#27;[1m"Contact"&amp#27;[0m&amp#27;[32m page&amp#27;[0m &amp#27;[90m# planit.steps.CommonSteps.populateFields(java.lang.String,io.cucumber.datatable.DataTable)&amp#27;[0m
    | Forename | Email             | Message           |
    | Kai      | kaitest@email.com | Good stuffs here! |
  &amp#27;[32mAnd &amp#27;[0m&amp#27;[32mI click &amp#27;[0m&amp#27;[32m&amp#27;[1m"submit"&amp#27;[0m&amp#27;[32m on &amp#27;[0m&amp#27;[32m&amp#27;[1m"Contact"&amp#27;[0m&amp#27;[32m page&amp#27;[0m                &amp#27;[90m# planit.steps.CommonSteps.clickElement(java.lang.String,java.lang.String)&amp#27;[0m
loading progress is completed.
  &amp#27;[32mThen &amp#27;[0m&amp#27;[32mvalidate successful submission message&amp#27;[0m           &amp#27;[90m# planit.steps.ContactSteps.validateSuccessfulSubmissionMessage()&amp#27;[0m
]]></system-out>
    <system-err><![CDATA[Starting ChromeDriver 106.0.5249.61 (511755355844955cd3e264779baf0dd38212a4d0-refs/branch-heads/5249@{#569}) on port 57856
Only local connections are allowed.
Please see https://chromedriver.chromium.org/security-considerations for suggestions on keeping ChromeDriver safe.
ChromeDriver was started successfully.
[1668009224.302][WARNING]: This version of ChromeDriver has not been tested with Chrome version 107.
Nov 09, 2022 11:53:44 PM org.openqa.selenium.remote.ProtocolHandshake createSession
INFO: Detected upstream dialect: W3C
Nov 09, 2022 11:53:44 PM org.openqa.selenium.devtools.CdpVersionFinder findNearestMatch
WARNING: Unable to find an exact match for CDP version 107, so returning the closest version found: 103
Nov 09, 2022 11:53:44 PM org.openqa.selenium.devtools.CdpVersionFinder findNearestMatch
INFO: Found CDP implementation for version 107 of 103
]]></system-err>
  </testcase>
  <testcase name="Submit contact details successfully #3" classname="Planit- Technical Assessment" time="16.795">
    <system-out><![CDATA[
@TestTechnicalAssessment
Scenario Outline: Submit contact details successfully   &amp#27;[90m# src/test/java/planit/features/TechnicalAssessment.feature:35&amp#27;[0m
  &amp#27;[32mGiven &amp#27;[0m&amp#27;[32mI navigate to &amp#27;[0m&amp#27;[32m&amp#27;[1m"Jupiter Toys"&amp#27;[0m&amp#27;[32m home page&amp#27;[0m          &amp#27;[90m# planit.steps.CommonSteps.navigateToAppHomePage(java.lang.String)&amp#27;[0m
  &amp#27;[32mAnd &amp#27;[0m&amp#27;[32mI go to &amp#27;[0m&amp#27;[32m&amp#27;[1m"contact"&amp#27;[0m&amp#27;[32m page&amp#27;[0m                            &amp#27;[90m# planit.steps.CommonSteps.goToPage(java.lang.String)&amp#27;[0m
  &amp#27;[32mAnd &amp#27;[0m&amp#27;[32mI populate the following fields on &amp#27;[0m&amp#27;[32m&amp#27;[1m"Contact"&amp#27;[0m&amp#27;[32m page&amp#27;[0m &amp#27;[90m# planit.steps.CommonSteps.populateFields(java.lang.String,io.cucumber.datatable.DataTable)&amp#27;[0m
    | Forename | Email              | Message    |
    | Mary     | marytest@email.com | Keep it up |
  &amp#27;[32mAnd &amp#27;[0m&amp#27;[32mI click &amp#27;[0m&amp#27;[32m&amp#27;[1m"submit"&amp#27;[0m&amp#27;[32m on &amp#27;[0m&amp#27;[32m&amp#27;[1m"Contact"&amp#27;[0m&amp#27;[32m page&amp#27;[0m                &amp#27;[90m# planit.steps.CommonSteps.clickElement(java.lang.String,java.lang.String)&amp#27;[0m
loading progress is completed.
  &amp#27;[32mThen &amp#27;[0m&amp#27;[32mvalidate successful submission message&amp#27;[0m           &amp#27;[90m# planit.steps.ContactSteps.validateSuccessfulSubmissionMessage()&amp#27;[0m
]]></system-out>
    <system-err><![CDATA[Starting ChromeDriver 106.0.5249.61 (511755355844955cd3e264779baf0dd38212a4d0-refs/branch-heads/5249@{#569}) on port 53415
Only local connections are allowed.
Please see https://chromedriver.chromium.org/security-considerations for suggestions on keeping ChromeDriver safe.
ChromeDriver was started successfully.
[1668009236.986][WARNING]: This version of ChromeDriver has not been tested with Chrome version 107.
Nov 09, 2022 11:53:57 PM org.openqa.selenium.remote.ProtocolHandshake createSession
INFO: Detected upstream dialect: W3C
Nov 09, 2022 11:53:57 PM org.openqa.selenium.devtools.CdpVersionFinder findNearestMatch
WARNING: Unable to find an exact match for CDP version 107, so returning the closest version found: 103
Nov 09, 2022 11:53:57 PM org.openqa.selenium.devtools.CdpVersionFinder findNearestMatch
INFO: Found CDP implementation for version 107 of 103
]]></system-err>
  </testcase>
  <testcase name="Submit contact details successfully #4" classname="Planit- Technical Assessment" time="15.634">
    <system-out><![CDATA[
@TestTechnicalAssessment
Scenario Outline: Submit contact details successfully   &amp#27;[90m# src/test/java/planit/features/TechnicalAssessment.feature:36&amp#27;[0m
  &amp#27;[32mGiven &amp#27;[0m&amp#27;[32mI navigate to &amp#27;[0m&amp#27;[32m&amp#27;[1m"Jupiter Toys"&amp#27;[0m&amp#27;[32m home page&amp#27;[0m          &amp#27;[90m# planit.steps.CommonSteps.navigateToAppHomePage(java.lang.String)&amp#27;[0m
  &amp#27;[32mAnd &amp#27;[0m&amp#27;[32mI go to &amp#27;[0m&amp#27;[32m&amp#27;[1m"contact"&amp#27;[0m&amp#27;[32m page&amp#27;[0m                            &amp#27;[90m# planit.steps.CommonSteps.goToPage(java.lang.String)&amp#27;[0m
  &amp#27;[32mAnd &amp#27;[0m&amp#27;[32mI populate the following fields on &amp#27;[0m&amp#27;[32m&amp#27;[1m"Contact"&amp#27;[0m&amp#27;[32m page&amp#27;[0m &amp#27;[90m# planit.steps.CommonSteps.populateFields(java.lang.String,io.cucumber.datatable.DataTable)&amp#27;[0m
    | Forename | Email             | Message        |
    | Ann      | anntest@email.com | Will buy again |
  &amp#27;[32mAnd &amp#27;[0m&amp#27;[32mI click &amp#27;[0m&amp#27;[32m&amp#27;[1m"submit"&amp#27;[0m&amp#27;[32m on &amp#27;[0m&amp#27;[32m&amp#27;[1m"Contact"&amp#27;[0m&amp#27;[32m page&amp#27;[0m                &amp#27;[90m# planit.steps.CommonSteps.clickElement(java.lang.String,java.lang.String)&amp#27;[0m
loading progress is completed.
  &amp#27;[32mThen &amp#27;[0m&amp#27;[32mvalidate successful submission message&amp#27;[0m           &amp#27;[90m# planit.steps.ContactSteps.validateSuccessfulSubmissionMessage()&amp#27;[0m
]]></system-out>
    <system-err><![CDATA[Starting ChromeDriver 106.0.5249.61 (511755355844955cd3e264779baf0dd38212a4d0-refs/branch-heads/5249@{#569}) on port 53392
Only local connections are allowed.
Please see https://chromedriver.chromium.org/security-considerations for suggestions on keeping ChromeDriver safe.
ChromeDriver was started successfully.
[1668009255.290][WARNING]: This version of ChromeDriver has not been tested with Chrome version 107.
Nov 09, 2022 11:54:15 PM org.openqa.selenium.remote.ProtocolHandshake createSession
INFO: Detected upstream dialect: W3C
Nov 09, 2022 11:54:15 PM org.openqa.selenium.devtools.CdpVersionFinder findNearestMatch
WARNING: Unable to find an exact match for CDP version 107, so returning the closest version found: 103
Nov 09, 2022 11:54:15 PM org.openqa.selenium.devtools.CdpVersionFinder findNearestMatch
INFO: Found CDP implementation for version 107 of 103
]]></system-err>
  </testcase>
  <testcase name="Submit contact details successfully #5" classname="Planit- Technical Assessment" time="13.884">
    <system-out><![CDATA[
@TestTechnicalAssessment
Scenario Outline: Submit contact details successfully   &amp#27;[90m# src/test/java/planit/features/TechnicalAssessment.feature:37&amp#27;[0m
  &amp#27;[32mGiven &amp#27;[0m&amp#27;[32mI navigate to &amp#27;[0m&amp#27;[32m&amp#27;[1m"Jupiter Toys"&amp#27;[0m&amp#27;[32m home page&amp#27;[0m          &amp#27;[90m# planit.steps.CommonSteps.navigateToAppHomePage(java.lang.String)&amp#27;[0m
  &amp#27;[32mAnd &amp#27;[0m&amp#27;[32mI go to &amp#27;[0m&amp#27;[32m&amp#27;[1m"contact"&amp#27;[0m&amp#27;[32m page&amp#27;[0m                            &amp#27;[90m# planit.steps.CommonSteps.goToPage(java.lang.String)&amp#27;[0m
  &amp#27;[32mAnd &amp#27;[0m&amp#27;[32mI populate the following fields on &amp#27;[0m&amp#27;[32m&amp#27;[1m"Contact"&amp#27;[0m&amp#27;[32m page&amp#27;[0m &amp#27;[90m# planit.steps.CommonSteps.populateFields(java.lang.String,io.cucumber.datatable.DataTable)&amp#27;[0m
    | Forename | Email                | Message                          |
    | Nathan   | nathantest@email.com | Love it, Please have more stocks |
  &amp#27;[32mAnd &amp#27;[0m&amp#27;[32mI click &amp#27;[0m&amp#27;[32m&amp#27;[1m"submit"&amp#27;[0m&amp#27;[32m on &amp#27;[0m&amp#27;[32m&amp#27;[1m"Contact"&amp#27;[0m&amp#27;[32m page&amp#27;[0m                &amp#27;[90m# planit.steps.CommonSteps.clickElement(java.lang.String,java.lang.String)&amp#27;[0m
loading progress is completed.
  &amp#27;[32mThen &amp#27;[0m&amp#27;[32mvalidate successful submission message&amp#27;[0m           &amp#27;[90m# planit.steps.ContactSteps.validateSuccessfulSubmissionMessage()&amp#27;[0m
]]></system-out>
    <system-err><![CDATA[Starting ChromeDriver 106.0.5249.61 (511755355844955cd3e264779baf0dd38212a4d0-refs/branch-heads/5249@{#569}) on port 65016
Only local connections are allowed.
Please see https://chromedriver.chromium.org/security-considerations for suggestions on keeping ChromeDriver safe.
ChromeDriver was started successfully.
[1668009269.637][WARNING]: This version of ChromeDriver has not been tested with Chrome version 107.
Nov 09, 2022 11:54:29 PM org.openqa.selenium.remote.ProtocolHandshake createSession
INFO: Detected upstream dialect: W3C
Nov 09, 2022 11:54:29 PM org.openqa.selenium.devtools.CdpVersionFinder findNearestMatch
WARNING: Unable to find an exact match for CDP version 107, so returning the closest version found: 103
Nov 09, 2022 11:54:29 PM org.openqa.selenium.devtools.CdpVersionFinder findNearestMatch
INFO: Found CDP implementation for version 107 of 103
]]></system-err>
  </testcase>
  <testcase name="Contact Page Error Messages #2" classname="Planit- Technical Assessment" time="10.205">
    <system-out><![CDATA[
@TestTechnicalAssessment
Scenario: Contact Page Error Messages          &amp#27;[90m# src/test/java/planit/features/TechnicalAssessment.feature:41&amp#27;[0m
  &amp#27;[32mGiven &amp#27;[0m&amp#27;[32mI navigate to &amp#27;[0m&amp#27;[32m&amp#27;[1m"Jupiter Toys"&amp#27;[0m&amp#27;[32m home page&amp#27;[0m &amp#27;[90m# planit.steps.CommonSteps.navigateToAppHomePage(java.lang.String)&amp#27;[0m
  &amp#27;[32mAnd &amp#27;[0m&amp#27;[32mI go to &amp#27;[0m&amp#27;[32m&amp#27;[1m"shop"&amp#27;[0m&amp#27;[32m page&amp#27;[0m                      &amp#27;[90m# planit.steps.CommonSteps.goToPage(java.lang.String)&amp#27;[0m
  &amp#27;[32mAnd &amp#27;[0m&amp#27;[32mI buy the following toys&amp#27;[0m                 &amp#27;[90m# planit.steps.ShopSteps.buyToys(io.cucumber.datatable.DataTable)&amp#27;[0m
    | Stuffed Frog | Fluffy Bunny | Valentine Bear |
    | 2            | 5            | 3              |
  &amp#27;[32mAnd &amp#27;[0m&amp#27;[32mI go to &amp#27;[0m&amp#27;[32m&amp#27;[1m"cart"&amp#27;[0m&amp#27;[32m page&amp#27;[0m                      &amp#27;[90m# planit.steps.CommonSteps.goToPage(java.lang.String)&amp#27;[0m
  &amp#27;[32mThen &amp#27;[0m&amp#27;[32mI verify the subtotal for each product&amp#27;[0m  &amp#27;[90m# planit.steps.CartSteps.verifyProductSubtotal(io.cucumber.datatable.DataTable)&amp#27;[0m
    | Stuffed Frog | Fluffy Bunny | Valentine Bear |
    | $21.98       | $49.95       | $44.97         |
  &amp#27;[32mThen &amp#27;[0m&amp#27;[32mI verify the price for each product&amp#27;[0m     &amp#27;[90m# planit.steps.CartSteps.verifyProductPrice(io.cucumber.datatable.DataTable)&amp#27;[0m
    | Stuffed Frog | Fluffy Bunny | Valentine Bear |
    | $10.99       | $9.99        | $14.99         |
  &amp#27;[32mThen &amp#27;[0m&amp#27;[32mI verify that total = &amp#27;[0m&amp#27;[32m&amp#27;[1m"116.9"&amp#27;[0m           &amp#27;[90m# planit.steps.CartSteps.verifyTotalPrice(java.lang.String)&amp#27;[0m
]]></system-out>
    <system-err><![CDATA[Starting ChromeDriver 106.0.5249.61 (511755355844955cd3e264779baf0dd38212a4d0-refs/branch-heads/5249@{#569}) on port 57747
Only local connections are allowed.
Please see https://chromedriver.chromium.org/security-considerations for suggestions on keeping ChromeDriver safe.
ChromeDriver was started successfully.
[1668009283.204][WARNING]: This version of ChromeDriver has not been tested with Chrome version 107.
Nov 09, 2022 11:54:43 PM org.openqa.selenium.remote.ProtocolHandshake createSession
INFO: Detected upstream dialect: W3C
Nov 09, 2022 11:54:43 PM org.openqa.selenium.devtools.CdpVersionFinder findNearestMatch
WARNING: Unable to find an exact match for CDP version 107, so returning the closest version found: 103
Nov 09, 2022 11:54:43 PM org.openqa.selenium.devtools.CdpVersionFinder findNearestMatch
INFO: Found CDP implementation for version 107 of 103
]]></system-err>
  </testcase>
</testsuite>